serviceTest/build/outputs/logs/manifest-merger-debug-report.txt
-- Merging decision tree log ---
manifest
ADDED from src\main\AndroidManifest.xml:2:1-63:12
	package
		ADDED from src\main\AndroidManifest.xml:3:5-38
		INJECTED from src\main\AndroidManifest.xml
		INJECTED from src\main\AndroidManifest.xml
	android:versionName
		ADDED from src\main\AndroidManifest.xml:5:5-30
		INJECTED from src\main\AndroidManifest.xml
		INJECTED from src\main\AndroidManifest.xml
	android:versionCode
		ADDED from src\main\AndroidManifest.xml:4:5-28
		INJECTED from src\main\AndroidManifest.xml
		INJECTED from src\main\AndroidManifest.xml
	xmlns:android
		ADDED from src\main\AndroidManifest.xml:2:11-69
uses-sdk
ADDED from src\main\AndroidManifest.xml:7:5-9:41
MERGED from [ServiceTest:libraryPullRefresh:unspecified] AndroidManifest.xml:7:5-9:40
	android:targetSdkVersion
		ADDED from src\main\AndroidManifest.xml:9:9-38
		INJECTED from src\main\AndroidManifest.xml
		INJECTED from src\main\AndroidManifest.xml
	android:minSdkVersion
		ADDED from src\main\AndroidManifest.xml:8:9-35
		INJECTED from src\main\AndroidManifest.xml
		INJECTED from src\main\AndroidManifest.xml
uses-permission#android.permission.SYSTEM_ALERT_WINDOW
ADDED from src\main\AndroidManifest.xml:11:5-78
	android:name
		ADDED from src\main\AndroidManifest.xml:11:22-75
uses-permission#android.permission.RECEIVE_BOOT_COMPLETED
ADDED from src\main\AndroidManifest.xml:12:5-81
	android:name
		ADDED from src\main\AndroidManifest.xml:12:22-78
uses-permission#android.permission.WAKE_LOCK
ADDED from src\main\AndroidManifest.xml:13:5-68
	android:name
		ADDED from src\main\AndroidManifest.xml:13:22-65
uses-permission#android.permission.ACCESS_WIFI_STATE
ADDED from src\main\AndroidManifest.xml:14:5-76
	android:name
		ADDED from src\main\AndroidManifest.xml:14:22-73
uses-permission#android.permission.INTERNET
ADDED from src\main\AndroidManifest.xml:15:5-67
	android:name
		ADDED from src\main\AndroidManifest.xml:15:22-64
android:uses-permission#android.permission.WRITE_EXTERNAL_STORAGE
ADDED from src\main\AndroidManifest.xml:17:5-89
	android:name
		ADDED from src\main\AndroidManifest.xml:17:30-86
android:uses-permission#android.permission.READ_PHONE_STATE
ADDED from src\main\AndroidManifest.xml:18:5-83
	android:name
		ADDED from src\main\AndroidManifest.xml:18:30-80
android:uses-permission#android.permission.READ_EXTERNAL_STORAGE
ADDED from src\main\AndroidManifest.xml:19:5-88
	android:name
		ADDED from src\main\AndroidManifest.xml:19:30-85
application
ADDED from src\main\AndroidManifest.xml:21:5-61:19
MERGED from [ServiceTest:libraryPullRefresh:unspecified] AndroidManifest.xml:11:5-20
	android:label
		ADDED from src\main\AndroidManifest.xml:24:9-41
	android:allowBackup
		ADDED from src\main\AndroidManifest.xml:22:9-35
	android:icon
		ADDED from src\main\AndroidManifest.xml:23:9-29
	android:theme
		ADDED from src\main\AndroidManifest.xml:25:9-45
activity#com.example.servicetest.MainActivity
ADDED from src\main\AndroidManifest.xml:26:9-36:20
	android:name
		ADDED from src\main\AndroidManifest.xml:26:19-47
intent-filter#android.intent.action.MAIN+android.intent.category.LAUNCHER
ADDED from src\main\AndroidManifest.xml:27:13-35:29
action#android.intent.action.MAIN
ADDED from src\main\AndroidManifest.xml:28:17-69
	android:name
		ADDED from src\main\AndroidManifest.xml:28:25-66
category#android.intent.category.LAUNCHER
ADDED from src\main\AndroidManifest.xml:30:17-77
	android:name
		ADDED from src\main\AndroidManifest.xml:30:27-74
data
ADDED from src\main\AndroidManifest.xml:32:17-34:64
	android:host
		ADDED from src\main\AndroidManifest.xml:33:21-48
	android:scheme
		ADDED from src\main\AndroidManifest.xml:34:21-61
receiver#com.example.servicetest.BootReceiver
ADDED from src\main\AndroidManifest.xml:38:9-46:20
	android:enabled
		ADDED from src\main\AndroidManifest.xml:40:13-35
	android:label
		ADDED from src\main\AndroidManifest.xml:42:13-45
	android:exported
		ADDED from src\main\AndroidManifest.xml:41:13-37
	android:name
		ADDED from src\main\AndroidManifest.xml:39:13-41
intent-filter#android.intent.action.BOOT_COMPLETED
ADDED from src\main\AndroidManifest.xml:43:13-45:29
	android:priority
		ADDED from src\main\AndroidManifest.xml:43:28-57
action#android.intent.action.BOOT_COMPLETED
ADDED from src\main\AndroidManifest.xml:44:17-79
	android:name
		ADDED from src\main\AndroidManifest.xml:44:25-76
service#com.example.servicetest.MyService
ADDED from src\main\AndroidManifest.xml:48:9-58:19
	android:enabled
		ADDED from src\main\AndroidManifest.xml:50:13-35
	android:name
		ADDED from src\main\AndroidManifest.xml:49:13-38
activity#com.example.servicetest.Main2Activity
ADDED from src\main\AndroidManifest.xml:60:9-60
	android:name
		ADDED from src\main\AndroidManifest.xml:60:19-48